#
# There is insufficient memory for the Java Runtime Environment to continue.
# Native memory allocation (malloc) failed to allocate 1309632 bytes for Chunk::new
# Possible reasons:
#   The system is out of physical RAM or swap space
#   The process is running with CompressedOops enabled, and the Java Heap may be blocking the growth of the native heap
# Possible solutions:
#   Reduce memory load on the system
#   Increase physical memory or swap space
#   Check if swap backing store is full
#   Decrease Java heap size (-Xmx/-Xms)
#   Decrease number of Java threads
#   Decrease Java thread stack sizes (-Xss)
#   Set larger code cache with -XX:ReservedCodeCacheSize=
#   JVM is running with Unscaled Compressed Oops mode in which the Java heap is
#     placed in the first 4GB address space. The Java Heap base address is the
#     maximum limit for the native heap growth. Please use -XX:HeapBaseMinAddress
#     to set the Java Heap base and to place the Java Heap above 4GB virtual address.
# This output file may be truncated or incomplete.
#
#  Out of Memory Error (arena.cpp:191), pid=11476, tid=7436
#
# JRE version: OpenJDK Runtime Environment Temurin-17.0.9+9 (17.0.9+9) (build 17.0.9+9)
# Java VM: OpenJDK 64-Bit Server VM Temurin-17.0.9+9 (17.0.9+9, mixed mode, tiered, compressed oops, compressed class ptrs, g1 gc, windows-amd64)
# No core dump will be written. Minidumps are not enabled by default on client versions of Windows
#

---------------  S U M M A R Y ------------

Command Line: -Dfile.encoding=UTF-8 -Dstdout.encoding=UTF-8 -Dstderr.encoding=UTF-8 -XX:+ShowCodeDetailsInExceptionMessages com.demo.LibraryManagementSystemApplication

Host: Intel(R) Core(TM) i3-3217U CPU @ 1.80GHz, 4 cores, 3G,  Windows 10 , 64 bit Build 19041 (10.0.19041.292)
Time: Fri Mar  8 18:21:52 2024 India Standard Time elapsed time: 8.918821 seconds (0d 0h 0m 8s)

---------------  T H R E A D  ---------------

Current thread (0x000001705b734ba0):  JavaThread "C2 CompilerThread0" daemon [_thread_in_native, id=7436, stack(0x0000005605e00000,0x0000005605f00000)]


Current CompileTask:
C2:   8918 3204       4       java.lang.invoke.MethodType::makeImpl (109 bytes)

Stack: [0x0000005605e00000,0x0000005605f00000]
Native frames: (J=compiled Java code, j=interpreted, Vv=VM code, C=native code)
V  [jvm.dll+0x67cf49]
V  [jvm.dll+0x83478a]
V  [jvm.dll+0x83624e]
V  [jvm.dll+0x8368b3]
V  [jvm.dll+0x247f1f]
V  [jvm.dll+0xac43c]
V  [jvm.dll+0xaca8c]
V  [jvm.dll+0x367067]
V  [jvm.dll+0x3313ba]
V  [jvm.dll+0x33085a]
V  [jvm.dll+0x21a5b1]
V  [jvm.dll+0x2199d1]
V  [jvm.dll+0x1a57cd]
V  [jvm.dll+0x2297ae]
V  [jvm.dll+0x22797c]
V  [jvm.dll+0x7e9877]
V  [jvm.dll+0x7e3c3a]
V  [jvm.dll+0x67be35]
C  [ucrtbase.dll+0x21542]
C  [KERNEL32.DLL+0x16fd4]
C  [ntdll.dll+0x4cec1]


---------------  P R O C E S S  ---------------

Threads class SMR info:
_java_thread_list=0x0000017060b06da0, length=14, elements={
0x00000170447330e0, 0x000001705b6e45f0, 0x000001705b6e56f0, 0x000001705b72f240,
0x000001705b732b30, 0x000001705b7334f0, 0x000001705b733eb0, 0x000001705b734ba0,
0x000001705b8b73f0, 0x000001705b77e1c0, 0x000001705b9d1ec0, 0x000001705b9dbea0,
0x00000170607f2340, 0x00000170607f2820
}

Java Threads: ( => current thread )
  0x00000170447330e0 JavaThread "main" [_thread_blocked, id=9204, stack(0x0000005605100000,0x0000005605200000)]
  0x000001705b6e45f0 JavaThread "Reference Handler" daemon [_thread_blocked, id=13248, stack(0x0000005605800000,0x0000005605900000)]
  0x000001705b6e56f0 JavaThread "Finalizer" daemon [_thread_blocked, id=11560, stack(0x0000005605900000,0x0000005605a00000)]
  0x000001705b72f240 JavaThread "Signal Dispatcher" daemon [_thread_blocked, id=5816, stack(0x0000005605a00000,0x0000005605b00000)]
  0x000001705b732b30 JavaThread "Attach Listener" daemon [_thread_blocked, id=11428, stack(0x0000005605b00000,0x0000005605c00000)]
  0x000001705b7334f0 JavaThread "Service Thread" daemon [_thread_blocked, id=8592, stack(0x0000005605c00000,0x0000005605d00000)]
  0x000001705b733eb0 JavaThread "Monitor Deflation Thread" daemon [_thread_blocked, id=4048, stack(0x0000005605d00000,0x0000005605e00000)]
=>0x000001705b734ba0 JavaThread "C2 CompilerThread0" daemon [_thread_in_native, id=7436, stack(0x0000005605e00000,0x0000005605f00000)]
  0x000001705b8b73f0 JavaThread "C1 CompilerThread0" daemon [_thread_blocked, id=10632, stack(0x0000005605f00000,0x0000005606000000)]
  0x000001705b77e1c0 JavaThread "Sweeper thread" daemon [_thread_blocked, id=7568, stack(0x0000005606000000,0x0000005606100000)]
  0x000001705b9d1ec0 JavaThread "Notification Thread" daemon [_thread_blocked, id=10196, stack(0x0000005606100000,0x0000005606200000)]
  0x000001705b9dbea0 JavaThread "Common-Cleaner" daemon [_thread_blocked, id=12872, stack(0x0000005606300000,0x0000005606400000)]
  0x00000170607f2340 JavaThread "Thread-0" [_thread_blocked, id=856, stack(0x0000005606700000,0x0000005606800000)]
  0x00000170607f2820 JavaThread "restartedMain" [_thread_in_vm, id=10784, stack(0x0000005606800000,0x0000005606900000)]

Other Threads:
  0x00000170447ee470 VMThread "VM Thread" [stack: 0x0000005605700000,0x0000005605800000] [id=11696]
  0x000001705b9d47c0 WatcherThread [stack: 0x0000005606200000,0x0000005606300000] [id=2868]
  0x000001704476e780 GCTaskThread "GC Thread#0" [stack: 0x0000005605200000,0x0000005605300000] [id=11828]
  0x0000017060774820 GCTaskThread "GC Thread#1" [stack: 0x0000005606400000,0x0000005606500000] [id=12072]
  0x0000017060792c50 GCTaskThread "GC Thread#2" [stack: 0x0000005606500000,0x0000005606600000] [id=3600]
  0x0000017060792f10 GCTaskThread "GC Thread#3" [stack: 0x0000005606600000,0x0000005606700000] [id=7572]
  0x0000017044777350 ConcurrentGCThread "G1 Main Marker" [stack: 0x0000005605300000,0x0000005605400000] [id=11964]
  0x0000017044777d70 ConcurrentGCThread "G1 Conc#0" [stack: 0x0000005605400000,0x0000005605500000] [id=6996]
  0x00000170447ce300 ConcurrentGCThread "G1 Refine#0" [stack: 0x0000005605500000,0x0000005605600000] [id=10316]
  0x00000170447ced30 ConcurrentGCThread "G1 Service" [stack: 0x0000005605600000,0x0000005605700000] [id=1416]

Threads with active compile tasks:
C2 CompilerThread0     8980 3204       4       java.lang.invoke.MethodType::makeImpl (109 bytes)

VM state: not at safepoint (normal execution)

VM Mutex/Monitor currently owned by a thread: None

Heap address: 0x00000000c1c00000, size: 996 MB, Compressed Oops mode: 32-bit

CDS archive(s) not mapped
Compressed class space mapped at: 0x0000000100000000-0x0000000140000000, reserved size: 1073741824
Narrow klass base: 0x0000000000000000, Narrow klass shift: 3, Narrow klass range: 0x140000000

GC Precious Log:
 CPUs: 4 total, 4 available
 Memory: 3983M
 Large Page Support: Disabled
 NUMA Support: Disabled
 Compressed Oops: Enabled (32-bit)
 Heap Region Size: 1M
 Heap Min Capacity: 8M
 Heap Initial Capacity: 64M
 Heap Max Capacity: 996M
 Pre-touch: Disabled
 Parallel Workers: 4
 Concurrent Workers: 1
 Concurrent Refinement Workers: 4
 Periodic GC: Disabled

Heap:
 garbage-first heap   total 37888K, used 19408K [0x00000000c1c00000, 0x0000000100000000)
  region size 1024K, 8 young (8192K), 2 survivors (2048K)
 Metaspace       used 31931K, committed 32320K, reserved 1114112K
  class space    used 3678K, committed 3840K, reserved 1048576K

Heap Regions: E=young(eden), S=young(survivor), O=old, HS=humongous(starts), HC=humongous(continues), CS=collection set, F=free, OA=open archive, CA=closed archive, TAMS=top-at-mark-start (previous, next)
|   0|0x00000000c1c00000, 0x00000000c1d00000, 0x00000000c1d00000|100%|HS|  |TAMS 0x00000000c1d00000, 0x00000000c1c00000| Complete 
|   1|0x00000000c1d00000, 0x00000000c1e00000, 0x00000000c1e00000|100%| O|  |TAMS 0x00000000c1e00000, 0x00000000c1d00000| Untracked 
|   2|0x00000000c1e00000, 0x00000000c1f00000, 0x00000000c1f00000|100%| O|  |TAMS 0x00000000c1f00000, 0x00000000c1e00000| Untracked 
|   3|0x00000000c1f00000, 0x00000000c2000000, 0x00000000c2000000|100%| O|  |TAMS 0x00000000c2000000, 0x00000000c1f00000| Untracked 
|   4|0x00000000c2000000, 0x00000000c2100000, 0x00000000c2100000|100%| O|  |TAMS 0x00000000c2100000, 0x00000000c2000000| Untracked 
|   5|0x00000000c2100000, 0x00000000c2200000, 0x00000000c2200000|100%| O|  |TAMS 0x00000000c21cf200, 0x00000000c2100000| Untracked 
|   6|0x00000000c2200000, 0x00000000c2300000, 0x00000000c2300000|100%| O|  |TAMS 0x00000000c2200000, 0x00000000c2200000| Untracked 
|   7|0x00000000c2300000, 0x00000000c2400000, 0x00000000c2400000|100%| O|  |TAMS 0x00000000c2300000, 0x00000000c2300000| Untracked 
|   8|0x00000000c2400000, 0x00000000c2500000, 0x00000000c2500000|100%| O|  |TAMS 0x00000000c2400000, 0x00000000c2400000| Untracked 
|   9|0x00000000c2500000, 0x00000000c2600000, 0x00000000c2600000|100%| O|  |TAMS 0x00000000c2500000, 0x00000000c2500000| Untracked 
|  10|0x00000000c2600000, 0x00000000c2700000, 0x00000000c2700000|100%| O|  |TAMS 0x00000000c2600000, 0x00000000c2600000| Untracked 
|  11|0x00000000c2700000, 0x00000000c2800000, 0x00000000c2800000|100%| O|  |TAMS 0x00000000c2700000, 0x00000000c2700000| Untracked 
|  12|0x00000000c2800000, 0x00000000c280e400, 0x00000000c2900000|  5%| O|  |TAMS 0x00000000c2800000, 0x00000000c2800000| Untracked 
|  13|0x00000000c2900000, 0x00000000c2900000, 0x00000000c2a00000|  0%| F|  |TAMS 0x00000000c2900000, 0x00000000c2900000| Untracked 
|  14|0x00000000c2a00000, 0x00000000c2a00000, 0x00000000c2b00000|  0%| F|  |TAMS 0x00000000c2a00000, 0x00000000c2a00000| Untracked 
|  15|0x00000000c2b00000, 0x00000000c2b00000, 0x00000000c2c00000|  0%| F|  |TAMS 0x00000000c2b00000, 0x00000000c2b00000| Untracked 
|  16|0x00000000c2c00000, 0x00000000c2c00000, 0x00000000c2d00000|  0%| F|  |TAMS 0x00000000c2c00000, 0x00000000c2c00000| Untracked 
|  17|0x00000000c2d00000, 0x00000000c2d00000, 0x00000000c2e00000|  0%| F|  |TAMS 0x00000000c2d00000, 0x00000000c2d00000| Untracked 
|  18|0x00000000c2e00000, 0x00000000c2e00000, 0x00000000c2f00000|  0%| F|  |TAMS 0x00000000c2e00000, 0x00000000c2e00000| Untracked 
|  19|0x00000000c2f00000, 0x00000000c2f00000, 0x00000000c3000000|  0%| F|  |TAMS 0x00000000c2f00000, 0x00000000c2f00000| Untracked 
|  20|0x00000000c3000000, 0x00000000c3000000, 0x00000000c3100000|  0%| F|  |TAMS 0x00000000c3000000, 0x00000000c3000000| Untracked 
|  21|0x00000000c3100000, 0x00000000c31e5e10, 0x00000000c3200000| 89%| S|CS|TAMS 0x00000000c3100000, 0x00000000c3100000| Complete 
|  22|0x00000000c3200000, 0x00000000c3300000, 0x00000000c3300000|100%| S|CS|TAMS 0x00000000c3200000, 0x00000000c3200000| Complete 
|  23|0x00000000c3300000, 0x00000000c3300000, 0x00000000c3400000|  0%| F|  |TAMS 0x00000000c3300000, 0x00000000c3300000| Untracked 
|  24|0x00000000c3400000, 0x00000000c3400000, 0x00000000c3500000|  0%| F|  |TAMS 0x00000000c3400000, 0x00000000c3400000| Untracked 
|  25|0x00000000c3500000, 0x00000000c3500000, 0x00000000c3600000|  0%| F|  |TAMS 0x00000000c3500000, 0x00000000c3500000| Untracked 
|  26|0x00000000c3600000, 0x00000000c3600000, 0x00000000c3700000|  0%| F|  |TAMS 0x00000000c3600000, 0x00000000c3600000| Untracked 
|  27|0x00000000c3700000, 0x00000000c3700000, 0x00000000c3800000|  0%| F|  |TAMS 0x00000000c3700000, 0x00000000c3700000| Untracked 
|  28|0x00000000c3800000, 0x00000000c3800000, 0x00000000c3900000|  0%| F|  |TAMS 0x00000000c3800000, 0x00000000c3800000| Untracked 
|  29|0x00000000c3900000, 0x00000000c3900000, 0x00000000c3a00000|  0%| F|  |TAMS 0x00000000c3900000, 0x00000000c3900000| Untracked 
|  30|0x00000000c3a00000, 0x00000000c3a00000, 0x00000000c3b00000|  0%| F|  |TAMS 0x00000000c3a00000, 0x00000000c3a00000| Untracked 
|  31|0x00000000c3b00000, 0x00000000c3be7cd8, 0x00000000c3c00000| 90%| E|  |TAMS 0x00000000c3b00000, 0x00000000c3b00000| Complete 
|  32|0x00000000c3c00000, 0x00000000c3d00000, 0x00000000c3d00000|100%| E|CS|TAMS 0x00000000c3c00000, 0x00000000c3c00000| Complete 
|  58|0x00000000c5600000, 0x00000000c5700000, 0x00000000c5700000|100%| E|CS|TAMS 0x00000000c5600000, 0x00000000c5600000| Complete 
|  59|0x00000000c5700000, 0x00000000c5800000, 0x00000000c5800000|100%| E|CS|TAMS 0x00000000c5700000, 0x00000000c5700000| Complete 
|  60|0x00000000c5800000, 0x00000000c5900000, 0x00000000c5900000|100%| E|CS|TAMS 0x00000000c5800000, 0x00000000c5800000| Complete 
|  63|0x00000000c5b00000, 0x00000000c5c00000, 0x00000000c5c00000|100%| E|CS|TAMS 0x00000000c5b00000, 0x00000000c5b00000| Complete 

Card table byte_map: [0x0000017056e00000,0x0000017057000000] _byte_map_base: 0x00000170567f2000

Marking Bits (Prev, Next): (CMBitMap*) 0x000001704476ede0, (CMBitMap*) 0x000001704476eda0
 Prev Bits: [0x0000017058190000, 0x0000017059120000)
 Next Bits: [0x0000017057200000, 0x0000017058190000)

Polling page: 0x00000170424a0000

Metaspace:

Usage:
  Non-class:     27.59 MB used.
      Class:      3.59 MB used.
       Both:     31.19 MB used.

Virtual space:
  Non-class space:       64.00 MB reserved,      27.81 MB ( 43%) committed,  1 nodes.
      Class space:        1.00 GB reserved,       3.75 MB ( <1%) committed,  1 nodes.
             Both:        1.06 GB reserved,      31.56 MB (  3%) committed. 

Chunk freelists:
   Non-Class:  3.67 MB
       Class:  12.16 MB
        Both:  15.83 MB

MaxMetaspaceSize: unlimited
CompressedClassSpaceSize: 1.00 GB
Initial GC threshold: 21.00 MB
Current GC threshold: 35.31 MB
CDS: off
MetaspaceReclaimPolicy: balanced
 - commit_granule_bytes: 65536.
 - commit_granule_words: 8192.
 - virtual_space_node_default_size: 8388608.
 - enlarge_chunks_in_place: 1.
 - new_chunks_are_fully_committed: 0.
 - uncommit_free_chunks: 1.
 - use_allocation_guard: 0.
 - handle_deallocations: 1.


Internal statistics:

num_allocs_failed_limit: 3.
num_arena_births: 404.
num_arena_deaths: 0.
num_vsnodes_births: 2.
num_vsnodes_deaths: 0.
num_space_committed: 505.
num_space_uncommitted: 0.
num_chunks_returned_to_freelist: 3.
num_chunks_taken_from_freelist: 1268.
num_chunk_merges: 3.
num_chunk_splits: 842.
num_chunks_enlarged: 592.
num_inconsistent_stats: 0.

CodeHeap 'non-profiled nmethods': size=120000Kb used=1225Kb max_used=1225Kb free=118774Kb
 bounds [0x000001704f8d0000, 0x000001704fb40000, 0x0000017056e00000]
CodeHeap 'profiled nmethods': size=120000Kb used=7142Kb max_used=7142Kb free=112857Kb
 bounds [0x0000017047e00000, 0x0000017048500000, 0x000001704f330000]
CodeHeap 'non-nmethods': size=5760Kb used=1202Kb max_used=1227Kb free=4557Kb
 bounds [0x000001704f330000, 0x000001704f5a0000, 0x000001704f8d0000]
 total_blobs=3816 nmethods=3311 adapters=416
 compilation: enabled
              stopped_count=0, restarted_count=0
 full_count=0

Compilation events (20 events):
Event: 8.833 Thread 0x000001705b8b73f0 3299       3       org.springframework.beans.factory.support.AbstractBeanDefinition::<init> (461 bytes)
Event: 8.847 Thread 0x000001705b8b73f0 nmethod 3299 0x00000170484cf390 code [0x00000170484cfc20, 0x00000170484d8078]
Event: 8.848 Thread 0x000001705b8b73f0 3300       3       org.springframework.beans.factory.support.RootBeanDefinition::setParentName (15 bytes)
Event: 8.848 Thread 0x000001705b8b73f0 nmethod 3300 0x00000170484d9c10 code [0x00000170484d9dc0, 0x00000170484d9fc8]
Event: 8.848 Thread 0x000001705b8b73f0 3301       3       org.springframework.beans.factory.support.AbstractBeanDefinition::copyQualifiersFrom (21 bytes)
Event: 8.848 Thread 0x000001705b8b73f0 nmethod 3301 0x00000170484da090 code [0x00000170484da260, 0x00000170484da598]
Event: 8.850 Thread 0x000001705b8b73f0 3302       1       java.beans.PropertyEditorSupport::setSource (6 bytes)
Event: 8.851 Thread 0x000001705b8b73f0 nmethod 3302 0x000001704fa02290 code [0x000001704fa02420, 0x000001704fa02538]
Event: 8.851 Thread 0x000001705b8b73f0 3303   !   3       org.springframework.beans.factory.support.AbstractBeanFactory::getBeanPostProcessorCache (181 bytes)
Event: 8.852 Thread 0x000001705b8b73f0 nmethod 3303 0x00000170484da710 code [0x00000170484da9c0, 0x00000170484dbd18]
Event: 8.864 Thread 0x000001705b8b73f0 3304       3       org.springframework.beans.factory.support.AbstractBeanFactory::copyRelevantMergedBeanDefinitionCaches (127 bytes)
Event: 8.867 Thread 0x000001705b8b73f0 nmethod 3304 0x00000170484dc290 code [0x00000170484dc5e0, 0x00000170484de498]
Event: 8.868 Thread 0x000001705b8b73f0 3305   !   3       org.springframework.beans.factory.support.DefaultSingletonBeanRegistry::getSingleton (147 bytes)
Event: 8.870 Thread 0x000001705b8b73f0 nmethod 3305 0x00000170484deb90 code [0x00000170484dee00, 0x00000170484dfb08]
Event: 8.875 Thread 0x000001705b8b73f0 3307       3       java.lang.invoke.Invokers$Holder::linkToTargetMethod (9 bytes)
Event: 8.876 Thread 0x000001705b8b73f0 nmethod 3307 0x00000170484e0010 code [0x00000170484e01c0, 0x00000170484e0498]
Event: 8.901 Thread 0x000001705b8b73f0 3308       3       jdk.internal.org.objectweb.asm.MethodVisitor::visitMaxs (17 bytes)
Event: 8.902 Thread 0x000001705b8b73f0 nmethod 3308 0x00000170484e0590 code [0x00000170484e0740, 0x00000170484e0948]
Event: 8.902 Thread 0x000001705b8b73f0 3309       3       jdk.internal.org.objectweb.asm.MethodVisitor::visitEnd (15 bytes)
Event: 8.902 Thread 0x000001705b8b73f0 nmethod 3309 0x00000170484e0a10 code [0x00000170484e0bc0, 0x00000170484e0dc8]

GC Heap History (18 events):
Event: 2.754 GC heap before
{Heap before GC invocations=0 (full 0):
 garbage-first heap   total 65536K, used 13312K [0x00000000c1c00000, 0x0000000100000000)
  region size 1024K, 13 young (13312K), 0 survivors (0K)
 Metaspace       used 10595K, committed 10816K, reserved 1114112K
  class space    used 975K, committed 1088K, reserved 1048576K
}
Event: 2.769 GC heap after
{Heap after GC invocations=1 (full 0):
 garbage-first heap   total 65536K, used 6100K [0x00000000c1c00000, 0x0000000100000000)
  region size 1024K, 2 young (2048K), 2 survivors (2048K)
 Metaspace       used 10595K, committed 10816K, reserved 1114112K
  class space    used 975K, committed 1088K, reserved 1048576K
}
Event: 3.614 GC heap before
{Heap before GC invocations=1 (full 0):
 garbage-first heap   total 65536K, used 16340K [0x00000000c1c00000, 0x0000000100000000)
  region size 1024K, 12 young (12288K), 2 survivors (2048K)
 Metaspace       used 13788K, committed 13952K, reserved 1114112K
  class space    used 1367K, committed 1472K, reserved 1048576K
}
Event: 3.619 GC heap after
{Heap after GC invocations=2 (full 0):
 garbage-first heap   total 65536K, used 6601K [0x00000000c1c00000, 0x0000000100000000)
  region size 1024K, 1 young (1024K), 1 survivors (1024K)
 Metaspace       used 13788K, committed 13952K, reserved 1114112K
  class space    used 1367K, committed 1472K, reserved 1048576K
}
Event: 4.752 GC heap before
{Heap before GC invocations=2 (full 0):
 garbage-first heap   total 65536K, used 29129K [0x00000000c1c00000, 0x0000000100000000)
  region size 1024K, 24 young (24576K), 1 survivors (1024K)
 Metaspace       used 20488K, committed 20736K, reserved 1114112K
  class space    used 2182K, committed 2304K, reserved 1048576K
}
Event: 4.760 GC heap after
{Heap after GC invocations=3 (full 0):
 garbage-first heap   total 65536K, used 8818K [0x00000000c1c00000, 0x0000000100000000)
  region size 1024K, 3 young (3072K), 3 survivors (3072K)
 Metaspace       used 20488K, committed 20736K, reserved 1114112K
  class space    used 2182K, committed 2304K, reserved 1048576K
}
Event: 4.845 GC heap before
{Heap before GC invocations=3 (full 0):
 garbage-first heap   total 65536K, used 10866K [0x00000000c1c00000, 0x0000000100000000)
  region size 1024K, 6 young (6144K), 3 survivors (3072K)
 Metaspace       used 21285K, committed 21568K, reserved 1114112K
  class space    used 2265K, committed 2368K, reserved 1048576K
}
Event: 4.854 GC heap after
{Heap after GC invocations=4 (full 0):
 garbage-first heap   total 65536K, used 9056K [0x00000000c1c00000, 0x0000000100000000)
  region size 1024K, 3 young (3072K), 3 survivors (3072K)
 Metaspace       used 21285K, committed 21568K, reserved 1114112K
  class space    used 2265K, committed 2368K, reserved 1048576K
}
Event: 5.685 GC heap before
{Heap before GC invocations=5 (full 0):
 garbage-first heap   total 37888K, used 26464K [0x00000000c1c00000, 0x0000000100000000)
  region size 1024K, 22 young (22528K), 3 survivors (3072K)
 Metaspace       used 25847K, committed 26112K, reserved 1114112K
  class space    used 2871K, committed 3008K, reserved 1048576K
}
Event: 5.696 GC heap after
{Heap after GC invocations=6 (full 0):
 garbage-first heap   total 37888K, used 11213K [0x00000000c1c00000, 0x0000000100000000)
  region size 1024K, 3 young (3072K), 3 survivors (3072K)
 Metaspace       used 25847K, committed 26112K, reserved 1114112K
  class space    used 2871K, committed 3008K, reserved 1048576K
}
Event: 5.728 GC heap before
{Heap before GC invocations=6 (full 0):
 garbage-first heap   total 37888K, used 11213K [0x00000000c1c00000, 0x0000000100000000)
  region size 1024K, 4 young (4096K), 3 survivors (3072K)
 Metaspace       used 25963K, committed 26176K, reserved 1114112K
  class space    used 2892K, committed 3008K, reserved 1048576K
}
Event: 5.735 GC heap after
{Heap after GC invocations=7 (full 0):
 garbage-first heap   total 37888K, used 11500K [0x00000000c1c00000, 0x0000000100000000)
  region size 1024K, 1 young (1024K), 1 survivors (1024K)
 Metaspace       used 25963K, committed 26176K, reserved 1114112K
  class space    used 2892K, committed 3008K, reserved 1048576K
}
Event: 6.416 GC heap before
{Heap before GC invocations=7 (full 0):
 garbage-first heap   total 37888K, used 24812K [0x00000000c1c00000, 0x0000000100000000)
  region size 1024K, 14 young (14336K), 1 survivors (1024K)
 Metaspace       used 27223K, committed 27456K, reserved 1114112K
  class space    used 3028K, committed 3136K, reserved 1048576K
}
Event: 6.421 GC heap after
{Heap after GC invocations=8 (full 0):
 garbage-first heap   total 37888K, used 12355K [0x00000000c1c00000, 0x0000000100000000)
  region size 1024K, 2 young (2048K), 2 survivors (2048K)
 Metaspace       used 27223K, committed 27456K, reserved 1114112K
  class space    used 3028K, committed 3136K, reserved 1048576K
}
Event: 7.190 GC heap before
{Heap before GC invocations=8 (full 0):
 garbage-first heap   total 37888K, used 24643K [0x00000000c1c00000, 0x0000000100000000)
  region size 1024K, 15 young (15360K), 2 survivors (2048K)
 Metaspace       used 28776K, committed 29056K, reserved 1114112K
  class space    used 3226K, committed 3392K, reserved 1048576K
}
Event: 7.196 GC heap after
{Heap after GC invocations=9 (full 0):
 garbage-first heap   total 37888K, used 13255K [0x00000000c1c00000, 0x0000000100000000)
  region size 1024K, 1 young (1024K), 1 survivors (1024K)
 Metaspace       used 28776K, committed 29056K, reserved 1114112K
  class space    used 3226K, committed 3392K, reserved 1048576K
}
Event: 8.294 GC heap before
{Heap before GC invocations=9 (full 0):
 garbage-first heap   total 37888K, used 26567K [0x00000000c1c00000, 0x0000000100000000)
  region size 1024K, 14 young (14336K), 1 survivors (1024K)
 Metaspace       used 30840K, committed 31232K, reserved 1114112K
  class space    used 3533K, committed 3712K, reserved 1048576K
}
Event: 8.302 GC heap after
{Heap after GC invocations=10 (full 0):
 garbage-first heap   total 37888K, used 14288K [0x00000000c1c00000, 0x0000000100000000)
  region size 1024K, 2 young (2048K), 2 survivors (2048K)
 Metaspace       used 30840K, committed 31232K, reserved 1114112K
  class space    used 3533K, committed 3712K, reserved 1048576K
}

Dll operation events (8 events):
Event: 0.045 Loaded shared library H:\spring-tool-suite-4-4.21.0.RELEASE-e4.30.0-win32.win32.x86_64.self-extracting\contents\sts-4.21.0.RELEASE\plugins\org.eclipse.justj.openjdk.hotspot.jre.full.win32.x86_64_17.0.9.v20231028-0858\jre\bin\java.dll
Event: 1.036 Loaded shared library H:\spring-tool-suite-4-4.21.0.RELEASE-e4.30.0-win32.win32.x86_64.self-extracting\contents\sts-4.21.0.RELEASE\plugins\org.eclipse.justj.openjdk.hotspot.jre.full.win32.x86_64_17.0.9.v20231028-0858\jre\bin\net.dll
Event: 1.041 Loaded shared library H:\spring-tool-suite-4-4.21.0.RELEASE-e4.30.0-win32.win32.x86_64.self-extracting\contents\sts-4.21.0.RELEASE\plugins\org.eclipse.justj.openjdk.hotspot.jre.full.win32.x86_64_17.0.9.v20231028-0858\jre\bin\nio.dll
Event: 1.068 Loaded shared library H:\spring-tool-suite-4-4.21.0.RELEASE-e4.30.0-win32.win32.x86_64.self-extracting\contents\sts-4.21.0.RELEASE\plugins\org.eclipse.justj.openjdk.hotspot.jre.full.win32.x86_64_17.0.9.v20231028-0858\jre\bin\zip.dll
Event: 1.630 Loaded shared library H:\spring-tool-suite-4-4.21.0.RELEASE-e4.30.0-win32.win32.x86_64.self-extracting\contents\sts-4.21.0.RELEASE\plugins\org.eclipse.justj.openjdk.hotspot.jre.full.win32.x86_64_17.0.9.v20231028-0858\jre\bin\jimage.dll
Event: 3.092 Loaded shared library H:\spring-tool-suite-4-4.21.0.RELEASE-e4.30.0-win32.win32.x86_64.self-extracting\contents\sts-4.21.0.RELEASE\plugins\org.eclipse.justj.openjdk.hotspot.jre.full.win32.x86_64_17.0.9.v20231028-0858\jre\bin\management.dll
Event: 3.102 Loaded shared library H:\spring-tool-suite-4-4.21.0.RELEASE-e4.30.0-win32.win32.x86_64.self-extracting\contents\sts-4.21.0.RELEASE\plugins\org.eclipse.justj.openjdk.hotspot.jre.full.win32.x86_64_17.0.9.v20231028-0858\jre\bin\management_ext.dll
Event: 5.542 Loaded shared library H:\spring-tool-suite-4-4.21.0.RELEASE-e4.30.0-win32.win32.x86_64.self-extracting\contents\sts-4.21.0.RELEASE\plugins\org.eclipse.justj.openjdk.hotspot.jre.full.win32.x86_64_17.0.9.v20231028-0858\jre\bin\sunmscapi.dll

Deoptimization events (20 events):
Event: 8.492 Thread 0x00000170607f2820 Uncommon trap: trap_request=0xffffff45 fr.pc=0x000001704f9f0d88 relative=0x0000000000000428
Event: 8.492 Thread 0x00000170607f2820 Uncommon trap: reason=unstable_if action=reinterpret pc=0x000001704f9f0d88 method=org.springframework.beans.factory.support.AbstractBeanFactory.getBeanPostProcessorCache()Lorg/springframework/beans/factory/support/AbstractBeanFactory$BeanPostProcessorCach
Event: 8.492 Thread 0x00000170607f2820 DEOPT PACKING pc=0x000001704f9f0d88 sp=0x00000056068fdfd0
Event: 8.492 Thread 0x00000170607f2820 DEOPT UNPACKING pc=0x000001704f3869a3 sp=0x00000056068fdeb0 mode 2
Event: 8.497 Thread 0x00000170607f2820 Uncommon trap: trap_request=0xffffff45 fr.pc=0x000001704f9d04c4 relative=0x0000000000000564
Event: 8.497 Thread 0x00000170607f2820 Uncommon trap: reason=unstable_if action=reinterpret pc=0x000001704f9d04c4 method=org.springframework.beans.factory.support.AbstractBeanFactory.getMergedLocalBeanDefinition(Ljava/lang/String;)Lorg/springframework/beans/factory/support/RootBeanDefinition; 
Event: 8.499 Thread 0x00000170607f2820 DEOPT PACKING pc=0x000001704f9d04c4 sp=0x00000056068fe0d0
Event: 8.499 Thread 0x00000170607f2820 DEOPT UNPACKING pc=0x000001704f3869a3 sp=0x00000056068fe088 mode 2
Event: 8.547 Thread 0x00000170607f2820 Uncommon trap: trap_request=0xffffff45 fr.pc=0x000001704f9e056c relative=0x000000000000068c
Event: 8.547 Thread 0x00000170607f2820 Uncommon trap: reason=unstable_if action=reinterpret pc=0x000001704f9e056c method=org.springframework.beans.factory.support.AbstractBeanFactory.hasInstantiationAwareBeanPostProcessors()Z @ 12 c2
Event: 8.547 Thread 0x00000170607f2820 DEOPT PACKING pc=0x000001704f9e056c sp=0x00000056068fde20
Event: 8.547 Thread 0x00000170607f2820 DEOPT UNPACKING pc=0x000001704f3869a3 sp=0x00000056068fdd08 mode 2
Event: 8.842 Thread 0x00000170607f2820 Uncommon trap: trap_request=0xffffff45 fr.pc=0x000001704f9ecdd8 relative=0x00000000000001d8
Event: 8.842 Thread 0x00000170607f2820 Uncommon trap: reason=unstable_if action=reinterpret pc=0x000001704f9ecdd8 method=org.springframework.beans.factory.support.AbstractBeanFactory.getBeanPostProcessorCache()Lorg/springframework/beans/factory/support/AbstractBeanFactory$BeanPostProcessorCach
Event: 8.842 Thread 0x00000170607f2820 DEOPT PACKING pc=0x000001704f9ecdd8 sp=0x00000056068fe0b0
Event: 8.842 Thread 0x00000170607f2820 DEOPT UNPACKING pc=0x000001704f3869a3 sp=0x00000056068fe040 mode 2
Event: 8.868 Thread 0x00000170607f2820 Uncommon trap: trap_request=0xffffff45 fr.pc=0x000001704f9de0c4 relative=0x0000000000000a44
Event: 8.868 Thread 0x00000170607f2820 Uncommon trap: reason=unstable_if action=reinterpret pc=0x000001704f9de0c4 method=org.springframework.beans.factory.support.DefaultSingletonBeanRegistry.getSingleton(Ljava/lang/String;Z)Ljava/lang/Object; @ 20 c2
Event: 8.868 Thread 0x00000170607f2820 DEOPT PACKING pc=0x000001704f9de0c4 sp=0x00000056068fcd80
Event: 8.868 Thread 0x00000170607f2820 DEOPT UNPACKING pc=0x000001704f3869a3 sp=0x00000056068fcd18 mode 2

Classes unloaded (0 events):
No events

Classes redefined (0 events):
No events

Internal exceptions (20 events):
Event: 8.313 Thread 0x00000170607f2820 Exception <a 'java/lang/NoSuchMethodError'{0x00000000c5b115c0}: 'int java.lang.invoke.DirectMethodHandle$Holder.invokeVirtual(java.lang.Object, java.lang.Object, java.lang.Object)'> (0x00000000c5b115c0) 
thrown [s\src\hotspot\share\interpreter\linkResolver.cpp, line 759]
Event: 8.314 Thread 0x00000170607f2820 Exception <a 'java/lang/NoSuchMethodError'{0x00000000c5b14e78}: 'int java.lang.invoke.DirectMethodHandle$Holder.invokeVirtual(java.lang.Object, java.lang.Object)'> (0x00000000c5b14e78) 
thrown [s\src\hotspot\share\interpreter\linkResolver.cpp, line 759]
Event: 8.315 Thread 0x00000170607f2820 Exception <a 'java/lang/NoSuchMethodError'{0x00000000c5b190f8}: 'int java.lang.invoke.DirectMethodHandle$Holder.invokeStaticInit(java.lang.Object, int, int)'> (0x00000000c5b190f8) 
thrown [s\src\hotspot\share\interpreter\linkResolver.cpp, line 759]
Event: 8.319 Thread 0x00000170607f2820 Exception <a 'java/lang/NoSuchMethodError'{0x00000000c5b209e0}: 'int java.lang.invoke.DirectMethodHandle$Holder.invokeStaticInit(java.lang.Object, long, long)'> (0x00000000c5b209e0) 
thrown [s\src\hotspot\share\interpreter\linkResolver.cpp, line 759]
Event: 8.320 Thread 0x00000170607f2820 Exception <a 'java/lang/NoSuchMethodError'{0x00000000c5b27830}: 'int java.lang.invoke.DirectMethodHandle$Holder.invokeStaticInit(java.lang.Object, float, float)'> (0x00000000c5b27830) 
thrown [s\src\hotspot\share\interpreter\linkResolver.cpp, line 759]
Event: 8.322 Thread 0x00000170607f2820 Exception <a 'java/lang/NoSuchMethodError'{0x00000000c5b2e688}: 'int java.lang.invoke.DirectMethodHandle$Holder.invokeStaticInit(java.lang.Object, double, double)'> (0x00000000c5b2e688) 
thrown [s\src\hotspot\share\interpreter\linkResolver.cpp, line 759]
Event: 8.323 Thread 0x00000170607f2820 Exception <a 'java/lang/NoSuchMethodError'{0x00000000c5b32c58}: 'int java.lang.invoke.DirectMethodHandle$Holder.invokeStatic(java.lang.Object, long)'> (0x00000000c5b32c58) 
thrown [s\src\hotspot\share\interpreter\linkResolver.cpp, line 759]
Event: 8.335 Thread 0x00000170607f2820 Exception <a 'java/lang/NoSuchMethodError'{0x00000000c5b579c0}: 'int java.lang.invoke.DirectMethodHandle$Holder.invokeSpecial(java.lang.Object, java.lang.Object, int)'> (0x00000000c5b579c0) 
thrown [s\src\hotspot\share\interpreter\linkResolver.cpp, line 759]
Event: 8.336 Thread 0x00000170607f2820 Exception <a 'java/lang/NoSuchMethodError'{0x00000000c5b5f320}: 'int java.lang.invoke.Invokers$Holder.linkToTargetMethod(java.lang.Object, java.lang.Object)'> (0x00000000c5b5f320) 
thrown [s\src\hotspot\share\interpreter\linkResolver.cpp, line 759]
Event: 8.382 Thread 0x00000170607f2820 Exception <a 'java/lang/NoSuchMethodError'{0x00000000c5bf29d8}: 'java.lang.Object java.lang.invoke.DirectMethodHandle$Holder.invokeSpecial(java.lang.Object, java.lang.Object, java.lang.Object, java.lang.Object, java.lang.Object, java.lang.Object, java.lang.Object, java.lang.Object, java.lang.Object, java.lang.Object)'> (0x00000000c5bf29d8) 
thrown [s\src\hotspot\share\interpreter\linkResolver.cpp, line 759]
Event: 8.383 Thread 0x00000170607f2820 Exception <a 'java/lang/NoSuchMethodError'{0x00000000c5bf74e8}: 'java.lang.Object java.lang.invoke.Invokers$Holder.invoke_MT(java.lang.Object, java.lang.Object, java.lang.Object, java.lang.Object, java.lang.Object, java.lang.Object, java.lang.Object, java.lang.Object, java.lang.Object, java.lang.Object)'> (0x00000000c5bf74e8) 
thrown [s\src\hotspot\share\interpreter\linkResolver.cpp, line 759]
Event: 8.410 Thread 0x00000170607f2820 Exception <a 'java/lang/NoSuchMethodError'{0x00000000c5836888}: 'java.lang.Object java.lang.invoke.DirectMethodHandle$Holder.invokeSpecial(java.lang.Object, java.lang.Object, int, java.lang.Object, java.lang.Object)'> (0x00000000c5836888) 
thrown [s\src\hotspot\share\interpreter\linkResolver.cpp, line 759]
Event: 8.411 Thread 0x00000170607f2820 Exception <a 'java/lang/NoSuchMethodError'{0x00000000c583a780}: 'java.lang.Object java.lang.invoke.DelegatingMethodHandle$Holder.delegate(java.lang.Object, int, java.lang.Object, java.lang.Object)'> (0x00000000c583a780) 
thrown [s\src\hotspot\share\interpreter\linkResolver.cpp, line 759]
Event: 8.417 Thread 0x00000170607f2820 Exception <a 'java/lang/NoSuchMethodError'{0x00000000c584b608}: 'int java.lang.invoke.Invokers$Holder.linkToTargetMethod(java.lang.Object, java.lang.Object, java.lang.Object)'> (0x00000000c584b608) 
thrown [s\src\hotspot\share\interpreter\linkResolver.cpp, line 759]
Event: 8.543 Thread 0x00000170607f2820 Exception <a 'java/lang/NoClassDefFoundError'{0x00000000c576cc40}: org/flywaydb/core/Flyway> (0x00000000c576cc40) 
thrown [s\src\hotspot\share\classfile\systemDictionary.cpp, line 245]
Event: 8.544 Thread 0x00000170607f2820 Exception <a 'java/lang/NoClassDefFoundError'{0x00000000c57725f8}: liquibase/integration/spring/SpringLiquibase> (0x00000000c57725f8) 
thrown [s\src\hotspot\share\classfile\systemDictionary.cpp, line 245]
Event: 8.790 Thread 0x00000170607f2820 Exception <a 'java/lang/NoClassDefFoundError'{0x00000000c3c93710}: org/jooq/DSLContext> (0x00000000c3c93710) 
thrown [s\src\hotspot\share\classfile\systemDictionary.cpp, line 245]
Event: 8.796 Thread 0x00000170607f2820 Exception <a 'java/lang/NoClassDefFoundError'{0x00000000c3c9fd40}: org/springframework/batch/core/repository/JobRepository> (0x00000000c3c9fd40) 
thrown [s\src\hotspot\share\classfile\systemDictionary.cpp, line 245]
Event: 8.796 Thread 0x00000170607f2820 Exception <a 'java/lang/NoClassDefFoundError'{0x00000000c3ca0f90}: org/quartz/Scheduler> (0x00000000c3ca0f90) 
thrown [s\src\hotspot\share\classfile\systemDictionary.cpp, line 245]
Event: 8.799 Thread 0x00000170607f2820 Exception <a 'java/lang/NoClassDefFoundError'{0x00000000c3ca2608}: org/springframework/session/jdbc/JdbcIndexedSessionRepository> (0x00000000c3ca2608) 
thrown [s\src\hotspot\share\classfile\systemDictionary.cpp, line 245]

VM Operations (20 events):
Event: 7.190 Executing VM operation: G1CollectForAllocation
Event: 7.196 Executing VM operation: G1CollectForAllocation done
Event: 7.616 Executing VM operation: HandshakeAllThreads
Event: 7.616 Executing VM operation: HandshakeAllThreads done
Event: 7.619 Executing VM operation: HandshakeAllThreads
Event: 7.619 Executing VM operation: HandshakeAllThreads done
Event: 7.656 Executing VM operation: HandshakeAllThreads
Event: 7.656 Executing VM operation: HandshakeAllThreads done
Event: 7.658 Executing VM operation: HandshakeAllThreads
Event: 7.658 Executing VM operation: HandshakeAllThreads done
Event: 7.775 Executing VM operation: HandshakeAllThreads
Event: 7.775 Executing VM operation: HandshakeAllThreads done
Event: 8.274 Executing VM operation: HandshakeAllThreads
Event: 8.274 Executing VM operation: HandshakeAllThreads done
Event: 8.274 Executing VM operation: Cleanup
Event: 8.274 Executing VM operation: Cleanup done
Event: 8.294 Executing VM operation: G1CollectForAllocation
Event: 8.302 Executing VM operation: G1CollectForAllocation done
Event: 8.353 Executing VM operation: HandshakeAllThreads
Event: 8.353 Executing VM operation: HandshakeAllThreads done

Events (20 events):
Event: 8.341 loading class java/util/concurrent/RunnableFuture done
Event: 8.341 loading class java/util/concurrent/FutureTask done
Event: 8.341 loading class java/util/concurrent/FutureTask$WaitNode
Event: 8.341 loading class java/util/concurrent/FutureTask$WaitNode done
Event: 8.406 loading class java/util/AbstractList$RandomAccessSubList
Event: 8.406 loading class java/util/AbstractList$SubList
Event: 8.407 loading class java/util/AbstractList$SubList done
Event: 8.407 loading class java/util/AbstractList$RandomAccessSubList done
Event: 8.407 loading class java/util/AbstractList$SubList$1
Event: 8.407 loading class java/util/AbstractList$SubList$1 done
Event: 8.412 loading class java/lang/invoke/MethodHandleImpl$CountingWrapper
Event: 8.412 loading class java/lang/invoke/MethodHandleImpl$CountingWrapper done
Event: 8.462 loading class java/util/DualPivotQuicksort
Event: 8.464 loading class java/util/DualPivotQuicksort done
Event: 8.466 loading class java/util/LinkedList$ListItr
Event: 8.466 loading class java/util/LinkedList$ListItr done
Event: 8.487 loading class jdk/internal/reflect/UnsafeStaticObjectFieldAccessorImpl
Event: 8.488 loading class jdk/internal/reflect/UnsafeStaticObjectFieldAccessorImpl done
Event: 8.860 loading class javax/naming/NameNotFoundException
Event: 8.860 loading class javax/naming/NameNotFoundException done


Dynamic libraries:
0x00007ff718250000 - 0x00007ff71825e000 	H:\spring-tool-suite-4-4.21.0.RELEASE-e4.30.0-win32.win32.x86_64.self-extracting\contents\sts-4.21.0.RELEASE\plugins\org.eclipse.justj.openjdk.hotspot.jre.full.win32.x86_64_17.0.9.v20231028-0858\jre\bin\javaw.exe
0x00007fff62190000 - 0x00007fff62384000 	C:\WINDOWS\SYSTEM32\ntdll.dll
0x00007fff613c0000 - 0x00007fff6147d000 	C:\WINDOWS\System32\KERNEL32.DLL
0x00007fff5fd50000 - 0x00007fff60017000 	C:\WINDOWS\System32\KERNELBASE.dll
0x00007fff600d0000 - 0x00007fff601d0000 	C:\WINDOWS\System32\ucrtbase.dll
0x00007fff4e520000 - 0x00007fff4e537000 	H:\spring-tool-suite-4-4.21.0.RELEASE-e4.30.0-win32.win32.x86_64.self-extracting\contents\sts-4.21.0.RELEASE\plugins\org.eclipse.justj.openjdk.hotspot.jre.full.win32.x86_64_17.0.9.v20231028-0858\jre\bin\jli.dll
0x00007fff61760000 - 0x00007fff61900000 	C:\WINDOWS\System32\USER32.dll
0x00007fff601d0000 - 0x00007fff601f2000 	C:\WINDOWS\System32\win32u.dll
0x00007fff61900000 - 0x00007fff6192a000 	C:\WINDOWS\System32\GDI32.dll
0x00007fff5f960000 - 0x00007fff5fa6a000 	C:\WINDOWS\System32\gdi32full.dll
0x00007fff5fc00000 - 0x00007fff5fc9d000 	C:\WINDOWS\System32\msvcp_win.dll
0x00007fff4a090000 - 0x00007fff4a0ab000 	H:\spring-tool-suite-4-4.21.0.RELEASE-e4.30.0-win32.win32.x86_64.self-extracting\contents\sts-4.21.0.RELEASE\plugins\org.eclipse.justj.openjdk.hotspot.jre.full.win32.x86_64_17.0.9.v20231028-0858\jre\bin\VCRUNTIME140.dll
0x00007fff50680000 - 0x00007fff5091a000 	C:\WINDOWS\WinSxS\amd64_microsoft.windows.common-controls_6595b64144ccf1df_6.0.19041.1_none_b555e41d4684ddec\COMCTL32.dll
0x00007fff616c0000 - 0x00007fff6175e000 	C:\WINDOWS\System32\msvcrt.dll
0x00007fff61f70000 - 0x00007fff61fa0000 	C:\WINDOWS\System32\IMM32.DLL
0x00007fff58180000 - 0x00007fff5818c000 	H:\spring-tool-suite-4-4.21.0.RELEASE-e4.30.0-win32.win32.x86_64.self-extracting\contents\sts-4.21.0.RELEASE\plugins\org.eclipse.justj.openjdk.hotspot.jre.full.win32.x86_64_17.0.9.v20231028-0858\jre\bin\vcruntime140_1.dll
0x00007fff46380000 - 0x00007fff4640d000 	H:\spring-tool-suite-4-4.21.0.RELEASE-e4.30.0-win32.win32.x86_64.self-extracting\contents\sts-4.21.0.RELEASE\plugins\org.eclipse.justj.openjdk.hotspot.jre.full.win32.x86_64_17.0.9.v20231028-0858\jre\bin\msvcp140.dll
0x00007fff0a1e0000 - 0x00007fff0ae41000 	H:\spring-tool-suite-4-4.21.0.RELEASE-e4.30.0-win32.win32.x86_64.self-extracting\contents\sts-4.21.0.RELEASE\plugins\org.eclipse.justj.openjdk.hotspot.jre.full.win32.x86_64_17.0.9.v20231028-0858\jre\bin\server\jvm.dll
0x00007fff61530000 - 0x00007fff615da000 	C:\WINDOWS\System32\ADVAPI32.dll
0x00007fff61930000 - 0x00007fff619cb000 	C:\WINDOWS\System32\sechost.dll
0x00007fff619d0000 - 0x00007fff61af3000 	C:\WINDOWS\System32\RPCRT4.dll
0x00007fff5f750000 - 0x00007fff5f79b000 	C:\WINDOWS\SYSTEM32\POWRPROF.dll
0x00007fff4d0d0000 - 0x00007fff4d0d9000 	C:\WINDOWS\SYSTEM32\WSOCK32.dll
0x00007fff53300000 - 0x00007fff53327000 	C:\WINDOWS\SYSTEM32\WINMM.dll
0x00007fff60e90000 - 0x00007fff60efb000 	C:\WINDOWS\System32\WS2_32.dll
0x00007fff524c0000 - 0x00007fff524ca000 	C:\WINDOWS\SYSTEM32\VERSION.dll
0x00007fff5f730000 - 0x00007fff5f742000 	C:\WINDOWS\SYSTEM32\UMPDC.dll
0x00007fff5d870000 - 0x00007fff5d883000 	C:\WINDOWS\SYSTEM32\kernel.appcore.dll
0x00007fff5b3c0000 - 0x00007fff5b3ca000 	H:\spring-tool-suite-4-4.21.0.RELEASE-e4.30.0-win32.win32.x86_64.self-extracting\contents\sts-4.21.0.RELEASE\plugins\org.eclipse.justj.openjdk.hotspot.jre.full.win32.x86_64_17.0.9.v20231028-0858\jre\bin\jimage.dll
0x00007fff52a50000 - 0x00007fff52c34000 	C:\WINDOWS\SYSTEM32\DBGHELP.DLL
0x00007fff52a20000 - 0x00007fff52a4c000 	C:\WINDOWS\SYSTEM32\dbgcore.DLL
0x00007fff5f8e0000 - 0x00007fff5f95f000 	C:\WINDOWS\System32\bcryptPrimitives.dll
0x00007fff5b350000 - 0x00007fff5b375000 	H:\spring-tool-suite-4-4.21.0.RELEASE-e4.30.0-win32.win32.x86_64.self-extracting\contents\sts-4.21.0.RELEASE\plugins\org.eclipse.justj.openjdk.hotspot.jre.full.win32.x86_64_17.0.9.v20231028-0858\jre\bin\java.dll
0x00007fff5a170000 - 0x00007fff5a188000 	H:\spring-tool-suite-4-4.21.0.RELEASE-e4.30.0-win32.win32.x86_64.self-extracting\contents\sts-4.21.0.RELEASE\plugins\org.eclipse.justj.openjdk.hotspot.jre.full.win32.x86_64_17.0.9.v20231028-0858\jre\bin\zip.dll
0x00007fff606e0000 - 0x00007fff60e15000 	C:\WINDOWS\System32\SHELL32.dll
0x00007fff5da70000 - 0x00007fff5e1ff000 	C:\WINDOWS\SYSTEM32\windows.storage.dll
0x00007fff60380000 - 0x00007fff606d3000 	C:\WINDOWS\System32\combase.dll
0x00007fff5f290000 - 0x00007fff5f2bb000 	C:\WINDOWS\SYSTEM32\Wldp.dll
0x00007fff61480000 - 0x00007fff6152e000 	C:\WINDOWS\System32\SHCORE.dll
0x00007fff60e30000 - 0x00007fff60e85000 	C:\WINDOWS\System32\shlwapi.dll
0x00007fff5f820000 - 0x00007fff5f83f000 	C:\WINDOWS\SYSTEM32\profapi.dll
0x00007fff59840000 - 0x00007fff59859000 	H:\spring-tool-suite-4-4.21.0.RELEASE-e4.30.0-win32.win32.x86_64.self-extracting\contents\sts-4.21.0.RELEASE\plugins\org.eclipse.justj.openjdk.hotspot.jre.full.win32.x86_64_17.0.9.v20231028-0858\jre\bin\net.dll
0x00007fff53aa0000 - 0x00007fff53ba0000 	C:\WINDOWS\SYSTEM32\WINHTTP.dll
0x00007fff5f010000 - 0x00007fff5f07a000 	C:\WINDOWS\system32\mswsock.dll
0x00007fff59130000 - 0x00007fff59146000 	H:\spring-tool-suite-4-4.21.0.RELEASE-e4.30.0-win32.win32.x86_64.self-extracting\contents\sts-4.21.0.RELEASE\plugins\org.eclipse.justj.openjdk.hotspot.jre.full.win32.x86_64_17.0.9.v20231028-0858\jre\bin\nio.dll
0x00007fff58150000 - 0x00007fff58159000 	H:\spring-tool-suite-4-4.21.0.RELEASE-e4.30.0-win32.win32.x86_64.self-extracting\contents\sts-4.21.0.RELEASE\plugins\org.eclipse.justj.openjdk.hotspot.jre.full.win32.x86_64_17.0.9.v20231028-0858\jre\bin\management.dll
0x00007fff53ff0000 - 0x00007fff53ffb000 	H:\spring-tool-suite-4-4.21.0.RELEASE-e4.30.0-win32.win32.x86_64.self-extracting\contents\sts-4.21.0.RELEASE\plugins\org.eclipse.justj.openjdk.hotspot.jre.full.win32.x86_64_17.0.9.v20231028-0858\jre\bin\management_ext.dll
0x00007fff61110000 - 0x00007fff61118000 	C:\WINDOWS\System32\PSAPI.DLL
0x00007fff5a160000 - 0x00007fff5a16e000 	H:\spring-tool-suite-4-4.21.0.RELEASE-e4.30.0-win32.win32.x86_64.self-extracting\contents\sts-4.21.0.RELEASE\plugins\org.eclipse.justj.openjdk.hotspot.jre.full.win32.x86_64_17.0.9.v20231028-0858\jre\bin\sunmscapi.dll
0x00007fff5faa0000 - 0x00007fff5fbfd000 	C:\WINDOWS\System32\CRYPT32.dll
0x00007fff5f300000 - 0x00007fff5f327000 	C:\WINDOWS\SYSTEM32\ncrypt.dll
0x00007fff5f2c0000 - 0x00007fff5f2fb000 	C:\WINDOWS\SYSTEM32\NTASN1.dll

dbghelp: loaded successfully - version: 4.0.5 - missing functions: none
symbol engine: initialized successfully - sym options: 0x614 - pdb path: .;H:\spring-tool-suite-4-4.21.0.RELEASE-e4.30.0-win32.win32.x86_64.self-extracting\contents\sts-4.21.0.RELEASE\plugins\org.eclipse.justj.openjdk.hotspot.jre.full.win32.x86_64_17.0.9.v20231028-0858\jre\bin;C:\WINDOWS\SYSTEM32;C:\WINDOWS\WinSxS\amd64_microsoft.windows.common-controls_6595b64144ccf1df_6.0.19041.1_none_b555e41d4684ddec;H:\spring-tool-suite-4-4.21.0.RELEASE-e4.30.0-win32.win32.x86_64.self-extracting\contents\sts-4.21.0.RELEASE\plugins\org.eclipse.justj.openjdk.hotspot.jre.full.win32.x86_64_17.0.9.v20231028-0858\jre\bin\server

VM Arguments:
jvm_args: -Dfile.encoding=UTF-8 -Dstdout.encoding=UTF-8 -Dstderr.encoding=UTF-8 -XX:+ShowCodeDetailsInExceptionMessages 
java_command: com.demo.LibraryManagementSystemApplication
java_class_path (initial): H:\sts\Training\demo\target\classes;C:\Users\Admin\.m2\repository\jakarta\persistence\jakarta.persistence-api\3.1.0\jakarta.persistence-api-3.1.0.jar;C:\Users\Admin\.m2\repository\org\springframework\data\spring-data-jpa\3.2.1\spring-data-jpa-3.2.1.jar;C:\Users\Admin\.m2\repository\org\springframework\boot\spring-boot-starter-jdbc\3.2.3\spring-boot-starter-jdbc-3.2.3.jar;C:\Users\Admin\.m2\repository\org\springframework\boot\spring-boot-starter\3.2.3\spring-boot-starter-3.2.3.jar;C:\Users\Admin\.m2\repository\org\springframework\boot\spring-boot-starter-logging\3.2.3\spring-boot-starter-logging-3.2.3.jar;C:\Users\Admin\.m2\repository\ch\qos\logback\logback-classic\1.4.14\logback-classic-1.4.14.jar;C:\Users\Admin\.m2\repository\ch\qos\logback\logback-core\1.4.14\logback-core-1.4.14.jar;C:\Users\Admin\.m2\repository\org\apache\logging\log4j\log4j-to-slf4j\2.21.1\log4j-to-slf4j-2.21.1.jar;C:\Users\Admin\.m2\repository\org\apache\logging\log4j\log4j-api\2.21.1\log4j-api-2.21.1.jar;C:\Users\Admin\.m2\repository\org\slf4j\jul-to-slf4j\2.0.12\jul-to-slf4j-2.0.12.jar;C:\Users\Admin\.m2\repository\jakarta\annotation\jakarta.annotation-api\2.1.1\jakarta.annotation-api-2.1.1.jar;C:\Users\Admin\.m2\repository\org\yaml\snakeyaml\2.2\snakeyaml-2.2.jar;C:\Users\Admin\.m2\repository\com\zaxxer\HikariCP\5.0.1\HikariCP-5.0.1.jar;C:\Users\Admin\.m2\repository\org\slf4j\slf4j-api\2.0.12\slf4j-api-2.0.12.jar;C:\Users\Admin\.m2\repository\org\springframework\spring-jdbc\6.1.4\spring-jdbc-6.1.4.jar;C:\Users\Admin\.m2\repository\org\springframework\spring-beans\6.1.4\spring-beans-6.1.4.jar;C:\Users\Admin\.m2\repository\org\springframework\spring-tx\6.1.4\spring-tx-6.1.4.jar;C:\Users\Admin\.m2\repository\org\springframework\boot\spring-boot-starter-web\3.2.3\spring-boot-starter-web-3.2.3.jar;C:\Users\Admin\.m2\repository\org\springframework\boot\spring-boot-starter-json\3.2.3\spring-boot-starter-json-3.2.3.jar;C:\Users\Admin\.m2\repository\com\fasterxml\jackson\
Launcher Type: SUN_STANDARD

[Global flags]
     intx CICompilerCount                          = 3                                         {product} {ergonomic}
     uint ConcGCThreads                            = 1                                         {product} {ergonomic}
     uint G1ConcRefinementThreads                  = 4                                         {product} {ergonomic}
   size_t G1HeapRegionSize                         = 1048576                                   {product} {ergonomic}
    uintx GCDrainStackTargetSize                   = 64                                        {product} {ergonomic}
   size_t InitialHeapSize                          = 67108864                                  {product} {ergonomic}
   size_t MarkStackSize                            = 4194304                                   {product} {ergonomic}
   size_t MaxHeapSize                              = 1044381696                                {product} {ergonomic}
   size_t MaxNewSize                               = 625999872                                 {product} {ergonomic}
   size_t MinHeapDeltaBytes                        = 1048576                                   {product} {ergonomic}
   size_t MinHeapSize                              = 8388608                                   {product} {ergonomic}
    uintx NonNMethodCodeHeapSize                   = 5832780                                {pd product} {ergonomic}
    uintx NonProfiledCodeHeapSize                  = 122912730                              {pd product} {ergonomic}
    uintx ProfiledCodeHeapSize                     = 122912730                              {pd product} {ergonomic}
    uintx ReservedCodeCacheSize                    = 251658240                              {pd product} {ergonomic}
     bool SegmentedCodeCache                       = true                                      {product} {ergonomic}
     bool ShowCodeDetailsInExceptionMessages       = true                                   {manageable} {command line}
   size_t SoftMaxHeapSize                          = 1044381696                             {manageable} {ergonomic}
     bool UseCompressedClassPointers               = true                           {product lp64_product} {ergonomic}
     bool UseCompressedOops                        = true                           {product lp64_product} {ergonomic}
     bool UseG1GC                                  = true                                      {product} {ergonomic}
     bool UseLargePagesIndividualAllocation        = false                                  {pd product} {ergonomic}

Logging:
Log output configuration:
 #0: stdout all=warning uptime,level,tags
 #1: stderr all=off uptime,level,tags

Environment Variables:
PATH=H:/spring-tool-suite-4-4.21.0.RELEASE-e4.30.0-win32.win32.x86_64.self-extracting/contents/sts-4.21.0.RELEASE//plugins/org.eclipse.justj.openjdk.hotspot.jre.full.win32.x86_64_17.0.9.v20231028-0858/jre/bin/server;H:/spring-tool-suite-4-4.21.0.RELEASE-e4.30.0-win32.win32.x86_64.self-extracting/contents/sts-4.21.0.RELEASE//plugins/org.eclipse.justj.openjdk.hotspot.jre.full.win32.x86_64_17.0.9.v20231028-0858/jre/bin;C:\Program Files\Common Files\Oracle\Java\javapath;C:\WINDOWS\system32;C:\WINDOWS;C:\WINDOWS\System32\Wbem;C:\WINDOWS\System32\WindowsPowerShell\v1.0\;C:\WINDOWS\System32\OpenSSH\;H:\nodejs\;C:\ProgramData\chocolatey\bin;C:\Program Files\MySQL\MySQL Server 8.0\bin;C:\Program Files\Go\bin;C:\Program Files\MySQL\MySQL Shell 8.0\bin\;C:\Users\Admin\AppData\Local\Programs\Python\Launcher\;C:\Users\Admin\AppData\Local\Programs\Python\Python312\Scripts\;C:\Users\Admin\AppData\Local\Programs\Python\Python312\;C:\Users\Admin\AppData\Local\Microsoft\WindowsApps;H:\Microsoft VS Code\bin;C:\Program Files\JetBrains\PyCharm Community Edition 2023.1.3\bin;;C:\Users\Admin\AppData\Roaming\npm;C:\Users\Admin\go\bin;C:\Users\Admin\AppData\Local\GitHubDesktop\bin;C:\Users\Admin\New folder\IntelliJ IDEA Community Edition 2023.3.4\bin;;H:\spring-tool-suite-4-4.21.0.RELEASE-e4.30.0-win32.win32.x86_64.self-extracting\contents\sts-4.21.0.RELEASE;
USERNAME=Admin
OS=Windows_NT
PROCESSOR_IDENTIFIER=Intel64 Family 6 Model 58 Stepping 9, GenuineIntel
TMP=C:\Users\Admin\AppData\Local\Temp
TEMP=C:\Users\Admin\AppData\Local\Temp



Periodic native trim disabled


---------------  S Y S T E M  ---------------

OS:
 Windows 10 , 64 bit Build 19041 (10.0.19041.292)
OS uptime: 0 days 7:10 hours

CPU: total 4 (initial active 4) (2 cores per cpu, 2 threads per core) family 6 model 58 stepping 9 microcode 0x21, cx8, cmov, fxsr, ht, mmx, sse, sse2, sse3, ssse3, sse4.1, sse4.2, popcnt, tsc, tscinvbit, avx, erms, clmul, vzeroupper, clflush
Processor Information for all 4 processors :
  Max Mhz: 1801, Current Mhz: 1801, Mhz Limit: 1801

Memory: 4k page, system-wide physical 3983M (312M free)
TotalPageFile size 9733M (AvailPageFile size 2M)
current process WorkingSet (physical memory assigned to process): 130M, peak: 130M
current process commit charge ("private bytes"): 159M, peak: 165M

vm_info: OpenJDK 64-Bit Server VM (17.0.9+9) for windows-amd64 JRE (17.0.9+9), built on Oct 26 2023 14:01:42 by "admin" with MS VC++ 16.10 / 16.11 (VS2019)

END.
